Arguments: 
  /Users/yugo/.nodebrew/node/v14.17.4/bin/node /Users/yugo/.nodebrew/current/bin/yarn init

PATH: 
  /Users/yugo/workspace/miscs/google-cloud-sdk/bin:/Users/yugo/.rbenv/shims:/Users/yugo/.pyenv/shims:/Users/yugo/.pyenv/bin:/Users/yugo/.nodebrew/current/bin:/usr/local/bin:/usr/bin:/bin:/usr/sbin:/sbin:/usr/local/go/bin:/usr/local/share/dotnet:~/.dotnet/tools:/Library/Apple/usr/bin:/Library/Frameworks/Mono.framework/Versions/Current/Commands:/Users/yugo/workspace/miscs/google-cloud-sdk/bin:/Users/yugo/.rbenv/shims:/Users/yugo/.pyenv/bin:/Users/yugo/.nodebrew/current/bin:/Users/yugo/.cargo/bin:/Users/yugo/.fig/bin:/Users/yugo/.local/bin:/Users/yugo/workspace/flutter_get_started/flutter/bin:/Users/yugo/workspace/flutter_get_started/flutter/bin

Yarn version: 
  1.22.19

Node version: 
  14.17.4

Platform: 
  darwin x64

Trace: 
  Error: canceled
      at Interface.<anonymous> (/Users/yugo/.nodebrew/node/v14.17.4/lib/node_modules/yarn/lib/cli.js:137150:13)
      at Interface.emit (events.js:400:28)
      at Interface._ttyWrite (readline.js:910:16)
      at ReadStream.onkeypress (readline.js:235:10)
      at ReadStream.emit (events.js:400:28)
      at emitKeys (internal/readline/utils.js:358:14)
      at emitKeys.next (<anonymous>)
      at ReadStream.onData (readline.js:1179:36)
      at ReadStream.emit (events.js:400:28)
      at addChunk (internal/streams/readable.js:290:12)

npm manifest: 
  No manifest

yarn manifest: 
  No manifest

Lockfile: 
  No lockfile
